[debug] [2024-04-02T17:05:47.161Z] ----------------------------------------------------------------------
[debug] [2024-04-02T17:05:47.164Z] Command:       /home/victorin/.nvm/versions/node/v20.10.0/bin/node /home/victorin/.nvm/versions/node/v20.10.0/bin/firebase login --reauth
[debug] [2024-04-02T17:05:47.164Z] CLI Version:   13.6.0
[debug] [2024-04-02T17:05:47.165Z] Platform:      linux
[debug] [2024-04-02T17:05:47.165Z] Node Version:  v20.10.0
[debug] [2024-04-02T17:05:47.165Z] Time:          Tue Apr 02 2024 18:05:47 GMT+0100 (heure normale d’Afrique de l’Ouest)
[debug] [2024-04-02T17:05:47.165Z] ----------------------------------------------------------------------
[debug] 
[info] 
[info] Visit this URL on this device to log in:
[info] https://accounts.google.com/o/oauth2/auth?client_id=563584335869-fgrhgmd47bqnekij5i8b5pr03ho849e6.apps.googleusercontent.com&scope=email%20openid%20https%3A%2F%2Fwww.googleapis.com%2Fauth%2Fcloudplatformprojects.readonly%20https%3A%2F%2Fwww.googleapis.com%2Fauth%2Ffirebase%20https%3A%2F%2Fwww.googleapis.com%2Fauth%2Fcloud-platform&response_type=code&state=494625633&redirect_uri=http%3A%2F%2Flocalhost%3A9005
[info] 
[info] Waiting for authentication...
[debug] [2024-04-02T17:06:11.269Z] >>> [apiv2][query] POST https://accounts.google.com/o/oauth2/token [none]
[debug] [2024-04-02T17:06:11.270Z] >>> [apiv2][body] POST https://accounts.google.com/o/oauth2/token [omitted]
[debug] [2024-04-02T17:06:11.598Z] *** [apiv2] error from fetch(https://accounts.google.com/o/oauth2/token, {"headers":{},"method":"POST","body":{"_overheadLength":543,"_valueLength":208,"_valuesToMeasure":[],"writable":false,"readable":true,"dataSize":0,"maxDataSize":2097152,"pauseStreams":true,"_released":true,"_streams":[],"_currentStream":null,"_insideLoop":false,"_pendingNext":false,"_boundary":"--------------------------567029528054333534074448","_events":{},"_eventsCount":1}}): FetchError: request to https://accounts.google.com/o/oauth2/token failed, reason: 
[debug] [2024-04-02T17:06:11.598Z] Token Fetch Error: FirebaseError: Failed to make request to https://accounts.google.com/o/oauth2/token
    at RetryOperation._fn (/home/victorin/.nvm/versions/node/v20.10.0/lib/node_modules/firebase-tools/lib/apiv2.js:253:31)
    at process.processTicksAndRejections (node:internal/process/task_queues:95:5)
[debug] [2024-04-02T17:06:11.607Z] >>> [apiv2][query] POST https://auth.firebase.tools/attest [none]
[debug] [2024-04-02T17:06:11.608Z] >>> [apiv2][body] POST https://auth.firebase.tools/attest {"session_id":"97742b72-3e6d-47aa-8aec-58beed48f6e5"}
[debug] [2024-04-02T17:06:12.679Z] <<< [apiv2][status] POST https://auth.firebase.tools/attest 200
[debug] [2024-04-02T17:06:12.680Z] <<< [apiv2][body] POST https://auth.firebase.tools/attest {"token":"zhGvgudjdU-R3jwckyTPyGuMfkDpQTnWDZQrziNdClY"}
[info] 
[info] To sign in to the Firebase CLI:
[info] 
[info] 1. Take note of your session ID:
[info] 
[info]    97742
[info] 
[info] 2. Visit the URL below on any device and follow the instructions to get your code:
[info] 
[info]    https://auth.firebase.tools/login?code_challenge=qFHs_TrL3UNjASX0Kh1WxNVa22Gwfrl5pZF0oaTDG_s&session=97742b72-3e6d-47aa-8aec-58beed48f6e5&attest=zhGvgudjdU-R3jwckyTPyGuMfkDpQTnWDZQrziNdClY
[info] 
[info] 3. Paste or enter the authorization code below once you have it:
[info] 
[debug] [2024-04-02T17:25:41.183Z] ----------------------------------------------------------------------
[debug] [2024-04-02T17:25:41.186Z] Command:       /home/victorin/.nvm/versions/node/v20.10.0/bin/node /home/victorin/.nvm/versions/node/v20.10.0/bin/firebase login
[debug] [2024-04-02T17:25:41.187Z] CLI Version:   13.6.0
[debug] [2024-04-02T17:25:41.187Z] Platform:      linux
[debug] [2024-04-02T17:25:41.188Z] Node Version:  v20.10.0
[debug] [2024-04-02T17:25:41.188Z] Time:          Tue Apr 02 2024 18:25:41 GMT+0100 (heure normale d’Afrique de l’Ouest)
[debug] [2024-04-02T17:25:41.188Z] ----------------------------------------------------------------------
[debug] 
[info] i  Firebase optionally collects CLI and Emulator Suite usage and error reporting information to help improve our products. Data is collected in accordance with Google's privacy policy (https://policies.google.com/privacy) and is not used to identify you.
 
[info] i  To change your data collection preference at any time, run `firebase logout` and log in again. 
[info] 
[info] Visit this URL on this device to log in:
[info] https://accounts.google.com/o/oauth2/auth?client_id=563584335869-fgrhgmd47bqnekij5i8b5pr03ho849e6.apps.googleusercontent.com&scope=email%20openid%20https%3A%2F%2Fwww.googleapis.com%2Fauth%2Fcloudplatformprojects.readonly%20https%3A%2F%2Fwww.googleapis.com%2Fauth%2Ffirebase%20https%3A%2F%2Fwww.googleapis.com%2Fauth%2Fcloud-platform&response_type=code&state=130182259&redirect_uri=http%3A%2F%2Flocalhost%3A9005
[info] 
[info] Waiting for authentication...
[debug] [2024-04-02T17:26:55.287Z] >>> [apiv2][query] POST https://accounts.google.com/o/oauth2/token [none]
[debug] [2024-04-02T17:26:55.288Z] >>> [apiv2][body] POST https://accounts.google.com/o/oauth2/token [omitted]
[debug] [2024-04-02T17:26:55.612Z] *** [apiv2] error from fetch(https://accounts.google.com/o/oauth2/token, {"headers":{},"method":"POST","body":{"_overheadLength":543,"_valueLength":208,"_valuesToMeasure":[],"writable":false,"readable":true,"dataSize":0,"maxDataSize":2097152,"pauseStreams":true,"_released":true,"_streams":[],"_currentStream":null,"_insideLoop":false,"_pendingNext":false,"_boundary":"--------------------------463410458422359750367182","_events":{},"_eventsCount":1}}): FetchError: request to https://accounts.google.com/o/oauth2/token failed, reason: 
[debug] [2024-04-02T17:26:55.613Z] Token Fetch Error: FirebaseError: Failed to make request to https://accounts.google.com/o/oauth2/token
    at RetryOperation._fn (/home/victorin/.nvm/versions/node/v20.10.0/lib/node_modules/firebase-tools/lib/apiv2.js:253:31)
    at process.processTicksAndRejections (node:internal/process/task_queues:95:5)
[debug] [2024-04-02T17:26:55.620Z] >>> [apiv2][query] POST https://auth.firebase.tools/attest [none]
[debug] [2024-04-02T17:26:55.621Z] >>> [apiv2][body] POST https://auth.firebase.tools/attest {"session_id":"d1efae09-946e-4351-b3b3-950b206bca70"}
[debug] [2024-04-02T17:26:56.675Z] <<< [apiv2][status] POST https://auth.firebase.tools/attest 200
[debug] [2024-04-02T17:26:56.676Z] <<< [apiv2][body] POST https://auth.firebase.tools/attest {"token":"QbReQ07YBGGwnnFLeIbQSFfAkZeQdAjcVWBskEBcCYo"}
[info] 
[info] To sign in to the Firebase CLI:
[info] 
[info] 1. Take note of your session ID:
[info] 
[info]    D1EFA
[info] 
[info] 2. Visit the URL below on any device and follow the instructions to get your code:
[info] 
[info]    https://auth.firebase.tools/login?code_challenge=8rYkTpYmfhHDUDTuhHAF8A1_3f3qJKu8VHftPlnmy48&session=d1efae09-946e-4351-b3b3-950b206bca70&attest=QbReQ07YBGGwnnFLeIbQSFfAkZeQdAjcVWBskEBcCYo
[info] 
[info] 3. Paste or enter the authorization code below once you have it:
[info] 
